Time resolution is 1 ps
dataaddr: xxxxxxxx, writedata: xxxxxxxx
         10
dataaddr: xxxxxxxx, writedata: xxxxxxxx
         20
dataaddr: xxxxxxxx, writedata: 00000025
dataaddr: 0000003e, writedata: 00000025
         30
dataaddr: 0000003e, writedata: 00000019
dataaddr: xxxxxxxx, writedata: 00000019
         40
dataaddr: xxxxxxxx, writedata: 00000025
         50
dataaddr: xxxxxxxx, writedata: 0000bead
dataaddr: 0000bead, writedata: 0000bead
dataaddr: 00000000, writedata: 0000bead
         60
dataaddr: xxxxxxxx, writedata: 0000bead
         70
dataaddr: xxxxxxxx, writedata: 000000ef
dataaddr: 000000ef, writedata: 000000ef
dataaddr: 00000003, writedata: 000000ef
         80
dataaddr: 00000000, writedata: 000000ef
         90
dataaddr: 00000000, writedata: 0000beef
dataaddr: 0000c0de, writedata: 0000beef
dataaddr: 00004900, writedata: 0000beef
dataaddr: 00017fcd, writedata: 0000beef
dataaddr: 000001ef, writedata: 0000beef
        100
dataaddr: 000001ef, writedata: 000001ef
dataaddr: ffff414f, writedata: 000001ef
dataaddr: fffffe4f, writedata: 000001ef
dataaddr: 000001ff, writedata: 000001ef
        110
dataaddr: 000001ff, writedata: 0000c0de
dataaddr: 0000c0de, writedata: 0000c0de
dataaddr: c0de0000, writedata: 0000c0de
        120
dataaddr: c0de0000, writedata: 0000beef
dataaddr: 0000beef, writedata: 0000beef
dataaddr: c0debeef, writedata: 0000beef
        130
dataaddr: c0df7dde, writedata: c0debeef
dataaddr: 0000beef, writedata: c0debeef
dataaddr: c0debeef, writedata: c0debeef
dataaddr: debeef00, writedata: c0debeef
        140
dataaddr: debeef00, writedata: 000001ef
dataaddr: 3de00000, writedata: 000001ef
dataaddr: c0de0000, writedata: 000001ef
        150
dataaddr: c0de0000, writedata: c0de0000
dataaddr: xxxxxxxx, writedata: c0de0000
dataaddr: c0de0023, writedata: c0de0000
        160
dataaddr: c0de0023, writedata: xxxxxxxx
dataaddr: c0de0046, writedata: xxxxxxxx
dataaddr: xxxxxxxx, writedata: xxxxxxxx
        170
dataaddr: xxxxxxxx, writedata: xxxxxxxx
        180
dataaddr: xxxxxxxx, writedata: 000000ef
dataaddr: 000001de, writedata: 000000ef
dataaddr: 00000000, writedata: 000000ef
        190
dataaddr: 00000001, writedata: 000000ef
dataaddr: xxxxxxxx, writedata: 000000ef
dataaddr: 00000001, writedata: 000000ef
        200
dataaddr: 00000001, writedata: 00000000
dataaddr: 00000002, writedata: 00000000
dataaddr: 00000003, writedata: 00000000
dataaddr: 00000001, writedata: 00000000
        210
dataaddr: 00000001, writedata: c0de0023
dataaddr: c0de0023, writedata: c0de0023
dataaddr: 00000000, writedata: c0de0023
dataaddr: c0ddffbf, writedata: c0de0023
dataaddr: c0de0087, writedata: c0de0023
        220
dataaddr: c0de0087, writedata: debeef00
dataaddr: c0de00eb, writedata: debeef00
dataaddr: debeef64, writedata: debeef00
dataaddr: debef028, writedata: debeef00
        230
dataaddr: debef028, writedata: c0de0087
dataaddr: debef150, writedata: c0de0087
dataaddr: 00000128, writedata: c0de0087
dataaddr: 00000004, writedata: c0de0087
        240
dataaddr: 00000004, writedata: debef028
dataaddr: 00000008, writedata: debef028
        250
dataaddr: xxxxxxxx, writedata: debef028
        260
dataaddr: xxxxxxxx, writedata: 00000000
        270
dataaddr: xxxxxxxx, writedata: 00000001
        280
dataaddr: xxxxxxxx, writedata: 0000fade
dataaddr: 0000e006, writedata: 0000fade
dataaddr: 00016ae1, writedata: 0000fade
dataaddr: 00000000, writedata: 0000fade
        290
dataaddr: 00000000, writedata: 00000000
dataaddr: xxxxxxxx, writedata: 00000000
dataaddr: 0000000c, writedata: 00000000
        300
dataaddr: 0000000c, writedata: c0de0087
dataaddr: 00000000, writedata: c0de0087
        310
dataaddr: 00000000, writedata: 0000000a
dataaddr: fffffffd, writedata: 0000000a
dataaddr: 0000000a, writedata: 0000000a
dataaddr: fffffff6, writedata: 0000000a
        320
dataaddr: fffffff6, writedata: 00000000
dataaddr: 00000000, writedata: 00000000
dataaddr: fffffff4, writedata: 00000000
dataaddr: 0000000c, writedata: 00000000
        330
dataaddr: 00000000, writedata: 00000000
        340
dataaddr: 00000000, writedata: 0000000a
dataaddr: fffffffd, writedata: 0000000a
dataaddr: 0000000a, writedata: 0000000a
dataaddr: fffffff6, writedata: 0000000a
        350
dataaddr: fffffff6, writedata: 00000000
dataaddr: 00000000, writedata: 00000000
dataaddr: fffffff4, writedata: 00000000
dataaddr: 0000000c, writedata: 00000000
        360
dataaddr: 00000000, writedata: 00000000
        370
dataaddr: 00000000, writedata: 0000000a
dataaddr: fffffffd, writedata: 0000000a
dataaddr: 0000000a, writedata: 0000000a
dataaddr: fffffff6, writedata: 0000000a
        380
dataaddr: fffffff6, writedata: 00000000
dataaddr: 00000000, writedata: 00000000
dataaddr: fffffff4, writedata: 00000000
dataaddr: 0000000c, writedata: 00000000
        390
dataaddr: 00000000, writedata: 00000000
        400
dataaddr: 00000000, writedata: 0000000a
dataaddr: fffffffd, writedata: 0000000a
dataaddr: 0000000a, writedata: 0000000a
dataaddr: fffffff6, writedata: 0000000a
        410
dataaddr: fffffff6, writedata: 00000000
dataaddr: 00000000, writedata: 00000000
dataaddr: fffffff4, writedata: 00000000
dataaddr: 0000000c, writedata: 00000000
        420
dataaddr: 00000000, writedata: 00000000
        430
dataaddr: 00000000, writedata: 0000000a
dataaddr: fffffffd, writedata: 0000000a
dataaddr: 0000000a, writedata: 0000000a
dataaddr: fffffff6, writedata: 0000000a
        440
dataaddr: fffffff6, writedata: 00000000
dataaddr: 00000000, writedata: 00000000
dataaddr: fffffff4, writedata: 00000000
dataaddr: 0000000c, writedata: 00000000
        450
dataaddr: 00000000, writedata: 00000000
        460
dataaddr: 00000000, writedata: 0000000a
dataaddr: fffffffd, writedata: 0000000a
dataaddr: 0000000a, writedata: 0000000a
dataaddr: fffffff6, writedata: 0000000a
        470
dataaddr: fffffff6, writedata: 00000000
dataaddr: 00000000, writedata: 00000000
dataaddr: fffffff4, writedata: 00000000
dataaddr: 0000000c, writedata: 00000000
        480
dataaddr: 00000000, writedata: 00000000
        490
dataaddr: 00000000, writedata: 0000000a
dataaddr: fffffffd, writedata: 0000000a
dataaddr: 0000000a, writedata: 0000000a
dataaddr: fffffff6, writedata: 0000000a
        500
dataaddr: fffffff6, writedata: 00000000
dataaddr: 00000000, writedata: 00000000
dataaddr: fffffff4, writedata: 00000000
dataaddr: 0000000c, writedata: 00000000
        510
dataaddr: 00000000, writedata: 00000000
        520
dataaddr: 00000000, writedata: 0000000a
dataaddr: fffffffd, writedata: 0000000a
dataaddr: 0000000a, writedata: 0000000a
dataaddr: fffffff6, writedata: 0000000a
        530
dataaddr: fffffff6, writedata: 00000000
dataaddr: 00000000, writedata: 00000000
dataaddr: fffffff4, writedata: 00000000
dataaddr: 0000000c, writedata: 00000000
        540
dataaddr: 00000000, writedata: 00000000
        550
dataaddr: 00000000, writedata: 0000000a
dataaddr: fffffffd, writedata: 0000000a
dataaddr: 0000000a, writedata: 0000000a
dataaddr: fffffff6, writedata: 0000000a
        560
dataaddr: fffffff6, writedata: 00000000
dataaddr: 00000000, writedata: 00000000
dataaddr: fffffff4, writedata: 00000000
dataaddr: 0000000c, writedata: 00000000
        570
dataaddr: 00000000, writedata: 00000000
        580
dataaddr: 00000000, writedata: 0000000a
dataaddr: fffffffd, writedata: 0000000a
dataaddr: 0000000a, writedata: 0000000a
dataaddr: fffffff6, writedata: 0000000a
        590
dataaddr: fffffff6, writedata: 00000000
dataaddr: 00000000, writedata: 00000000
dataaddr: fffffff4, writedata: 00000000
dataaddr: 0000000c, writedata: 00000000
        600
dataaddr: 00000000, writedata: 00000000
        610
dataaddr: 00000000, writedata: 0000000a
dataaddr: fffffffd, writedata: 0000000a
dataaddr: 0000000a, writedata: 0000000a
dataaddr: fffffff6, writedata: 0000000a
        620
dataaddr: fffffff6, writedata: 00000000
dataaddr: 00000000, writedata: 00000000
dataaddr: fffffff4, writedata: 00000000
dataaddr: 0000000c, writedata: 00000000
        630
dataaddr: 00000000, writedata: 00000000
        640
dataaddr: 00000000, writedata: 0000000a
dataaddr: fffffffd, writedata: 0000000a
dataaddr: 0000000a, writedata: 0000000a
dataaddr: fffffff6, writedata: 0000000a
        650
dataaddr: fffffff6, writedata: 00000000
dataaddr: 00000000, writedata: 00000000
dataaddr: fffffff4, writedata: 00000000
dataaddr: 0000000c, writedata: 00000000
        660
dataaddr: 00000000, writedata: 00000000
        670
dataaddr: 00000000, writedata: 0000000a
dataaddr: fffffffd, writedata: 0000000a
dataaddr: 0000000a, writedata: 0000000a
dataaddr: fffffff6, writedata: 0000000a
        680
dataaddr: fffffff6, writedata: 00000000
dataaddr: 00000000, writedata: 00000000
dataaddr: fffffff4, writedata: 00000000
dataaddr: 0000000c, writedata: 00000000
        690
dataaddr: 00000000, writedata: 00000000
        700
dataaddr: 00000000, writedata: 0000000a
dataaddr: fffffffd, writedata: 0000000a
dataaddr: 0000000a, writedata: 0000000a
dataaddr: fffffff6, writedata: 0000000a
        710
dataaddr: fffffff6, writedata: 00000000
dataaddr: 00000000, writedata: 00000000
dataaddr: fffffff4, writedata: 00000000
dataaddr: 0000000c, writedata: 00000000
        720
dataaddr: 00000000, writedata: 00000000
        730
dataaddr: 00000000, writedata: 0000000a
dataaddr: fffffffd, writedata: 0000000a
dataaddr: 0000000a, writedata: 0000000a
dataaddr: fffffff6, writedata: 0000000a
        740
dataaddr: fffffff6, writedata: 00000000
dataaddr: 00000000, writedata: 00000000
dataaddr: fffffff4, writedata: 00000000
dataaddr: 0000000c, writedata: 00000000
        750
dataaddr: 00000000, writedata: 00000000
        760
dataaddr: 00000000, writedata: 0000000a
dataaddr: fffffffd, writedata: 0000000a
dataaddr: 0000000a, writedata: 0000000a
dataaddr: fffffff6, writedata: 0000000a
        770
dataaddr: fffffff6, writedata: 00000000
dataaddr: 00000000, writedata: 00000000
dataaddr: fffffff4, writedata: 00000000
dataaddr: 0000000c, writedata: 00000000
        780
dataaddr: 00000000, writedata: 00000000
        790
dataaddr: 00000000, writedata: 0000000a
dataaddr: fffffffd, writedata: 0000000a
dataaddr: 0000000a, writedata: 0000000a
dataaddr: fffffff6, writedata: 0000000a
        800
dataaddr: fffffff6, writedata: 00000000
dataaddr: 00000000, writedata: 00000000
dataaddr: fffffff4, writedata: 00000000
dataaddr: 0000000c, writedata: 00000000
        810
dataaddr: 00000000, writedata: 00000000
        820
dataaddr: 00000000, writedata: 0000000a
dataaddr: fffffffd, writedata: 0000000a
dataaddr: 0000000a, writedata: 0000000a
dataaddr: fffffff6, writedata: 0000000a
        830
dataaddr: fffffff6, writedata: 00000000
dataaddr: 00000000, writedata: 00000000
dataaddr: fffffff4, writedata: 00000000
dataaddr: 0000000c, writedata: 00000000
        840
dataaddr: 00000000, writedata: 00000000
        850
dataaddr: 00000000, writedata: 0000000a
dataaddr: fffffffd, writedata: 0000000a
dataaddr: 0000000a, writedata: 0000000a
dataaddr: fffffff6, writedata: 0000000a
        860
dataaddr: fffffff6, writedata: 00000000
dataaddr: 00000000, writedata: 00000000
dataaddr: fffffff4, writedata: 00000000
dataaddr: 0000000c, writedata: 00000000
        870
dataaddr: 00000000, writedata: 00000000
        880
dataaddr: 00000000, writedata: 0000000a
dataaddr: fffffffd, writedata: 0000000a
dataaddr: 0000000a, writedata: 0000000a
dataaddr: fffffff6, writedata: 0000000a
        890
dataaddr: fffffff6, writedata: 00000000
dataaddr: 00000000, writedata: 00000000
dataaddr: fffffff4, writedata: 00000000
dataaddr: 0000000c, writedata: 00000000
        900
dataaddr: 00000000, writedata: 00000000
        910
dataaddr: 00000000, writedata: 0000000a
dataaddr: fffffffd, writedata: 0000000a
dataaddr: 0000000a, writedata: 0000000a
dataaddr: fffffff6, writedata: 0000000a
        920
dataaddr: fffffff6, writedata: 00000000
dataaddr: 00000000, writedata: 00000000
dataaddr: fffffff4, writedata: 00000000
dataaddr: 0000000c, writedata: 00000000
        930
dataaddr: 00000000, writedata: 00000000
        940
dataaddr: 00000000, writedata: 0000000a
dataaddr: fffffffd, writedata: 0000000a
dataaddr: 0000000a, writedata: 0000000a
dataaddr: fffffff6, writedata: 0000000a
        950
dataaddr: fffffff6, writedata: 00000000
dataaddr: 00000000, writedata: 00000000
dataaddr: fffffff4, writedata: 00000000
dataaddr: 0000000c, writedata: 00000000
        960
dataaddr: 00000000, writedata: 00000000
        970
dataaddr: 00000000, writedata: 0000000a
dataaddr: fffffffd, writedata: 0000000a
dataaddr: 0000000a, writedata: 0000000a
dataaddr: fffffff6, writedata: 0000000a
        980
dataaddr: fffffff6, writedata: 00000000
dataaddr: 00000000, writedata: 00000000
dataaddr: fffffff4, writedata: 00000000
dataaddr: 0000000c, writedata: 00000000
        990
dataaddr: 00000000, writedata: 00000000
       1000
dataaddr: 00000000, writedata: 0000000a
dataaddr: fffffffd, writedata: 0000000a
dataaddr: 0000000a, writedata: 0000000a
dataaddr: fffffff6, writedata: 0000000a
